<?xml version="1.0" encoding="UTF-8"?>
<!-- Generated by org.testng.reporters.JUnitReportReporter -->
<testsuite hostname="LAPTOP-2BCEJUFE" failures="0" tests="1" name="programs.Assects_verify_method" time="0.103" errors="0" timestamp="2020-07-20T13:26:47 IST" skipped="0">
  <testcase classname="programs.Assects_verify_method" name="assertion" time="0.103"/>
  <system-out/>
</testsuite> <!-- programs.Assects_verify_method -->
