<?xml version="1.0" encoding="UTF-8"?>
<!-- Generated by org.testng.reporters.JUnitReportReporter -->
<testsuite hostname="LAPTOP-2BCEJUFE" failures="0" tests="1" name="programs.rebbus" time="7.011" errors="0" timestamp="2020-07-18T22:38:41 IST" skipped="0">
  <testcase classname="programs.rebbus" name="ticketbooking" time="7.011"/>
  <system-out/>
</testsuite> <!-- programs.rebbus -->
